2014-02-09 02:22:38,169   INFO  [Volt Network - 0] CSVLOADER: Inserted 10000 rows
2014-02-09 02:22:38,400   INFO  [Volt Network - 0] CSVLOADER: Inserted 20000 rows
2014-02-09 02:22:38,614   INFO  [Volt Network - 0] CSVLOADER: Inserted 30000 rows
2014-02-09 02:22:38,820   INFO  [Volt Network - 0] CSVLOADER: Inserted 40000 rows
2014-02-09 02:22:39,057   INFO  [Volt Network - 0] CSVLOADER: Inserted 50000 rows
2014-02-09 02:22:39,286   INFO  [Volt Network - 0] CSVLOADER: Inserted 60000 rows
2014-02-09 02:22:39,510   INFO  [Volt Network - 0] CSVLOADER: Inserted 70000 rows
2014-02-09 02:22:39,702   INFO  [Volt Network - 0] CSVLOADER: Inserted 80000 rows
2014-02-09 02:22:39,923   INFO  [Volt Network - 0] CSVLOADER: Inserted 90000 rows
2014-02-09 02:22:40,138   INFO  [Volt Network - 0] CSVLOADER: Inserted 100000 rows
2014-02-09 02:22:40,228   INFO  [main] CSVLOADER: Read 100000 rows from file and successfully inserted 100000 rows (final)
2014-02-09 02:22:40,228   INFO  [main] CSVLOADER: Elapsed time: 3.573 seconds
2014-02-09 02:22:40,228   INFO  [main] CSVLOADER: Invalid row file: /Users/kzhirata/Documents/workspace/voltSample/data/csvloader_VISITOR_insert_invalidrows.csv
2014-02-09 02:22:40,228   INFO  [main] CSVLOADER: Log file: /Users/kzhirata/Documents/workspace/voltSample/data/csvloader_VISITOR_insert_log.log
2014-02-09 02:22:40,228   INFO  [main] CSVLOADER: Report file: /Users/kzhirata/Documents/workspace/voltSample/data/csvloader_VISITOR_insert_report.log
2014-02-09 02:22:41,548   INFO  [Volt Network - 0] CSVLOADER: Inserted 10000 rows
2014-02-09 02:22:42,286   INFO  [Volt Network - 0] CSVLOADER: Inserted 20000 rows
2014-02-09 02:22:42,579   INFO  [Volt Network - 0] CSVLOADER: Inserted 30000 rows
2014-02-09 02:22:42,780   INFO  [Volt Network - 0] CSVLOADER: Inserted 40000 rows
2014-02-09 02:22:43,000   INFO  [Volt Network - 0] CSVLOADER: Inserted 50000 rows
2014-02-09 02:22:43,267   INFO  [Volt Network - 0] CSVLOADER: Inserted 60000 rows
2014-02-09 02:22:43,593   INFO  [Volt Network - 0] CSVLOADER: Inserted 70000 rows
2014-02-09 02:22:43,762   INFO  [Volt Network - 0] CSVLOADER: Inserted 80000 rows
2014-02-09 02:22:44,080   INFO  [Volt Network - 0] CSVLOADER: Inserted 90000 rows
2014-02-09 02:22:44,238   INFO  [Volt Network - 0] CSVLOADER: Inserted 100000 rows
2014-02-09 02:22:44,396   INFO  [Volt Network - 0] CSVLOADER: Inserted 110000 rows
2014-02-09 02:22:44,594   INFO  [Volt Network - 0] CSVLOADER: Inserted 120000 rows
2014-02-09 02:22:44,804   INFO  [Volt Network - 0] CSVLOADER: Inserted 130000 rows
2014-02-09 02:22:44,966   INFO  [Volt Network - 0] CSVLOADER: Inserted 140000 rows
2014-02-09 02:22:45,154   INFO  [Volt Network - 0] CSVLOADER: Inserted 150000 rows
2014-02-09 02:22:45,360   INFO  [Volt Network - 0] CSVLOADER: Inserted 160000 rows
2014-02-09 02:22:45,523   INFO  [Volt Network - 0] CSVLOADER: Inserted 170000 rows
2014-02-09 02:22:45,728   INFO  [Volt Network - 0] CSVLOADER: Inserted 180000 rows
2014-02-09 02:22:45,904   INFO  [Volt Network - 0] CSVLOADER: Inserted 190000 rows
2014-02-09 02:22:46,058   INFO  [Volt Network - 0] CSVLOADER: Inserted 200000 rows
2014-02-09 02:22:46,978   INFO  [Volt Network - 0] CSVLOADER: Inserted 210000 rows
2014-02-09 02:22:47,076   INFO  [Volt Network - 0] CSVLOADER: Inserted 220000 rows
2014-02-09 02:22:47,236   INFO  [Volt Network - 0] CSVLOADER: Inserted 230000 rows
2014-02-09 02:22:47,421   INFO  [Volt Network - 0] CSVLOADER: Inserted 240000 rows
2014-02-09 02:22:47,730   INFO  [Volt Network - 0] CSVLOADER: Inserted 250000 rows
2014-02-09 02:22:47,884   INFO  [Volt Network - 0] CSVLOADER: Inserted 260000 rows
2014-02-09 02:22:48,043   INFO  [Volt Network - 0] CSVLOADER: Inserted 270000 rows
2014-02-09 02:22:48,232   INFO  [Volt Network - 0] CSVLOADER: Inserted 280000 rows
2014-02-09 02:22:48,391   INFO  [Volt Network - 0] CSVLOADER: Inserted 290000 rows
2014-02-09 02:22:48,561   INFO  [Volt Network - 0] CSVLOADER: Inserted 300000 rows
2014-02-09 02:22:48,737   INFO  [Volt Network - 0] CSVLOADER: Inserted 310000 rows
2014-02-09 02:22:48,976   INFO  [Volt Network - 0] CSVLOADER: Inserted 320000 rows
2014-02-09 02:22:49,133   INFO  [Volt Network - 0] CSVLOADER: Inserted 330000 rows
2014-02-09 02:22:49,302   INFO  [Volt Network - 0] CSVLOADER: Inserted 340000 rows
2014-02-09 02:22:49,505   INFO  [Volt Network - 0] CSVLOADER: Inserted 350000 rows
2014-02-09 02:22:49,662   INFO  [Volt Network - 0] CSVLOADER: Inserted 360000 rows
2014-02-09 02:22:49,823   INFO  [Volt Network - 0] CSVLOADER: Inserted 370000 rows
2014-02-09 02:22:50,004   INFO  [Volt Network - 0] CSVLOADER: Inserted 380000 rows
2014-02-09 02:22:50,159   INFO  [Volt Network - 0] CSVLOADER: Inserted 390000 rows
2014-02-09 02:22:50,327   INFO  [Volt Network - 0] CSVLOADER: Inserted 400000 rows
2014-02-09 02:22:50,521   INFO  [Volt Network - 0] CSVLOADER: Inserted 410000 rows
2014-02-09 02:22:50,675   INFO  [Volt Network - 0] CSVLOADER: Inserted 420000 rows
2014-02-09 02:22:50,833   INFO  [Volt Network - 0] CSVLOADER: Inserted 430000 rows
2014-02-09 02:22:51,224   INFO  [Volt Network - 0] CSVLOADER: Inserted 440000 rows
2014-02-09 02:22:51,375   INFO  [Volt Network - 0] CSVLOADER: Inserted 450000 rows
2014-02-09 02:22:51,529   INFO  [Volt Network - 0] CSVLOADER: Inserted 460000 rows
2014-02-09 02:22:51,724   INFO  [Volt Network - 0] CSVLOADER: Inserted 470000 rows
2014-02-09 02:22:51,877   INFO  [Volt Network - 0] CSVLOADER: Inserted 480000 rows
2014-02-09 02:22:52,032   INFO  [Volt Network - 0] CSVLOADER: Inserted 490000 rows
2014-02-09 02:22:52,222   INFO  [Volt Network - 0] CSVLOADER: Inserted 500000 rows
2014-02-09 02:22:52,377   INFO  [Volt Network - 0] CSVLOADER: Inserted 510000 rows
2014-02-09 02:22:52,529   INFO  [Volt Network - 0] CSVLOADER: Inserted 520000 rows
2014-02-09 02:22:52,755   INFO  [Volt Network - 0] CSVLOADER: Inserted 530000 rows
2014-02-09 02:22:52,911   INFO  [Volt Network - 0] CSVLOADER: Inserted 540000 rows
2014-02-09 02:22:53,076   INFO  [Volt Network - 0] CSVLOADER: Inserted 550000 rows
2014-02-09 02:22:53,293   INFO  [Volt Network - 0] CSVLOADER: Inserted 560000 rows
2014-02-09 02:22:53,604   INFO  [Volt Network - 0] CSVLOADER: Inserted 570000 rows
2014-02-09 02:22:53,755   INFO  [Volt Network - 0] CSVLOADER: Inserted 580000 rows
2014-02-09 02:22:53,934   INFO  [Volt Network - 0] CSVLOADER: Inserted 590000 rows
2014-02-09 02:22:54,085   INFO  [Volt Network - 0] CSVLOADER: Inserted 600000 rows
2014-02-09 02:22:54,239   INFO  [Volt Network - 0] CSVLOADER: Inserted 610000 rows
2014-02-09 02:22:54,415   INFO  [Volt Network - 0] CSVLOADER: Inserted 620000 rows
2014-02-09 02:22:54,605   INFO  [Volt Network - 0] CSVLOADER: Inserted 630000 rows
2014-02-09 02:22:54,756   INFO  [Volt Network - 0] CSVLOADER: Inserted 640000 rows
2014-02-09 02:22:54,946   INFO  [Volt Network - 0] CSVLOADER: Inserted 650000 rows
2014-02-09 02:22:55,101   INFO  [Volt Network - 0] CSVLOADER: Inserted 660000 rows
2014-02-09 02:22:55,251   INFO  [Volt Network - 0] CSVLOADER: Inserted 670000 rows
2014-02-09 02:22:55,421   INFO  [Volt Network - 0] CSVLOADER: Inserted 680000 rows
2014-02-09 02:22:55,568   INFO  [Volt Network - 0] CSVLOADER: Inserted 690000 rows
2014-02-09 02:22:55,719   INFO  [Volt Network - 0] CSVLOADER: Inserted 700000 rows
2014-02-09 02:22:55,975   INFO  [Volt Network - 0] CSVLOADER: Inserted 710000 rows
2014-02-09 02:22:56,209   INFO  [Volt Network - 0] CSVLOADER: Inserted 720000 rows
2014-02-09 02:22:56,359   INFO  [Volt Network - 0] CSVLOADER: Inserted 730000 rows
2014-02-09 02:22:56,525   INFO  [Volt Network - 0] CSVLOADER: Inserted 740000 rows
2014-02-09 02:22:56,675   INFO  [Volt Network - 0] CSVLOADER: Inserted 750000 rows
2014-02-09 02:22:56,826   INFO  [Volt Network - 0] CSVLOADER: Inserted 760000 rows
2014-02-09 02:22:56,990   INFO  [Volt Network - 0] CSVLOADER: Inserted 770000 rows
2014-02-09 02:22:57,137   INFO  [Volt Network - 0] CSVLOADER: Inserted 780000 rows
2014-02-09 02:22:57,295   INFO  [Volt Network - 0] CSVLOADER: Inserted 790000 rows
2014-02-09 02:22:57,463   INFO  [Volt Network - 0] CSVLOADER: Inserted 800000 rows
2014-02-09 02:22:57,644   INFO  [Volt Network - 0] CSVLOADER: Inserted 810000 rows
2014-02-09 02:22:57,793   INFO  [Volt Network - 0] CSVLOADER: Inserted 820000 rows
2014-02-09 02:22:57,953   INFO  [Volt Network - 0] CSVLOADER: Inserted 830000 rows
2014-02-09 02:22:58,111   INFO  [Volt Network - 0] CSVLOADER: Inserted 840000 rows
2014-02-09 02:22:58,260   INFO  [Volt Network - 0] CSVLOADER: Inserted 850000 rows
2014-02-09 02:22:58,412   INFO  [Volt Network - 0] CSVLOADER: Inserted 860000 rows
2014-02-09 02:22:58,566   INFO  [Volt Network - 0] CSVLOADER: Inserted 870000 rows
2014-02-09 02:22:58,714   INFO  [Volt Network - 0] CSVLOADER: Inserted 880000 rows
2014-02-09 02:22:58,863   INFO  [Volt Network - 0] CSVLOADER: Inserted 890000 rows
2014-02-09 02:22:59,020   INFO  [Volt Network - 0] CSVLOADER: Inserted 900000 rows
2014-02-09 02:22:59,229   INFO  [Volt Network - 0] CSVLOADER: Inserted 910000 rows
2014-02-09 02:22:59,381   INFO  [Volt Network - 0] CSVLOADER: Inserted 920000 rows
2014-02-09 02:22:59,533   INFO  [Volt Network - 0] CSVLOADER: Inserted 930000 rows
2014-02-09 02:22:59,683   INFO  [Volt Network - 0] CSVLOADER: Inserted 940000 rows
2014-02-09 02:22:59,831   INFO  [Volt Network - 0] CSVLOADER: Inserted 950000 rows
2014-02-09 02:22:59,980   INFO  [Volt Network - 0] CSVLOADER: Inserted 960000 rows
2014-02-09 02:23:00,129   INFO  [Volt Network - 0] CSVLOADER: Inserted 970000 rows
2014-02-09 02:23:00,284   INFO  [Volt Network - 0] CSVLOADER: Inserted 980000 rows
2014-02-09 02:23:00,436   INFO  [Volt Network - 0] CSVLOADER: Inserted 990000 rows
2014-02-09 02:23:00,593   INFO  [Volt Network - 0] CSVLOADER: Inserted 1000000 rows
2014-02-09 02:23:00,635   INFO  [main] CSVLOADER: Read 1000000 rows from file and successfully inserted 1000000 rows (final)
2014-02-09 02:23:00,635   INFO  [main] CSVLOADER: Elapsed time: 20.104 seconds
2014-02-09 02:23:00,635   INFO  [main] CSVLOADER: Invalid row file: /Users/kzhirata/Documents/workspace/voltSample/data/csvloader_MAILHISTORY_insert_invalidrows.csv
2014-02-09 02:23:00,635   INFO  [main] CSVLOADER: Log file: /Users/kzhirata/Documents/workspace/voltSample/data/csvloader_MAILHISTORY_insert_log.log
2014-02-09 02:23:00,635   INFO  [main] CSVLOADER: Report file: /Users/kzhirata/Documents/workspace/voltSample/data/csvloader_MAILHISTORY_insert_report.log
2014-02-09 03:14:17,550   INFO  [Volt Network - 0] CSVLOADER: Inserted 10000 rows
2014-02-09 03:14:17,889   INFO  [Volt Network - 0] CSVLOADER: Inserted 20000 rows
2014-02-09 03:14:18,165   INFO  [Volt Network - 0] CSVLOADER: Inserted 30000 rows
2014-02-09 03:14:18,369   INFO  [Volt Network - 0] CSVLOADER: Inserted 40000 rows
2014-02-09 03:14:18,599   INFO  [Volt Network - 0] CSVLOADER: Inserted 50000 rows
2014-02-09 03:14:18,853   INFO  [Volt Network - 0] CSVLOADER: Inserted 60000 rows
2014-02-09 03:14:19,063   INFO  [Volt Network - 0] CSVLOADER: Inserted 70000 rows
2014-02-09 03:14:19,262   INFO  [Volt Network - 0] CSVLOADER: Inserted 80000 rows
2014-02-09 03:14:19,480   INFO  [Volt Network - 0] CSVLOADER: Inserted 90000 rows
2014-02-09 03:14:19,685   INFO  [Volt Network - 0] CSVLOADER: Inserted 100000 rows
2014-02-09 03:14:19,710   INFO  [main] CSVLOADER: Read 100000 rows from file and successfully inserted 100000 rows (final)
2014-02-09 03:14:19,710   INFO  [main] CSVLOADER: Elapsed time: 3.747 seconds
2014-02-09 03:14:19,711   INFO  [main] CSVLOADER: Invalid row file: /Users/kzhirata/Documents/workspace/voltSample/data/csvloader_VISITOR_insert_invalidrows.csv
2014-02-09 03:14:19,711   INFO  [main] CSVLOADER: Log file: /Users/kzhirata/Documents/workspace/voltSample/data/csvloader_VISITOR_insert_log.log
2014-02-09 03:14:19,711   INFO  [main] CSVLOADER: Report file: /Users/kzhirata/Documents/workspace/voltSample/data/csvloader_VISITOR_insert_report.log
2014-02-09 03:14:21,433   INFO  [Volt Network - 0] CSVLOADER: Inserted 10000 rows
2014-02-09 03:14:21,854   INFO  [Volt Network - 0] CSVLOADER: Inserted 20000 rows
2014-02-09 03:14:22,138   INFO  [Volt Network - 0] CSVLOADER: Inserted 30000 rows
2014-02-09 03:14:22,446   INFO  [Volt Network - 0] CSVLOADER: Inserted 40000 rows
2014-02-09 03:14:22,782   INFO  [Volt Network - 0] CSVLOADER: Inserted 50000 rows
2014-02-09 03:14:23,105   INFO  [Volt Network - 0] CSVLOADER: Inserted 60000 rows
2014-02-09 03:14:23,553   INFO  [Volt Network - 0] CSVLOADER: Inserted 70000 rows
2014-02-09 03:14:23,839   INFO  [Volt Network - 0] CSVLOADER: Inserted 80000 rows
2014-02-09 03:14:23,995   INFO  [Volt Network - 0] CSVLOADER: Inserted 90000 rows
2014-02-09 03:14:24,145   INFO  [Volt Network - 0] CSVLOADER: Inserted 100000 rows
2014-02-09 03:14:24,307   INFO  [Volt Network - 0] CSVLOADER: Inserted 110000 rows
2014-02-09 03:14:24,506   INFO  [Volt Network - 0] CSVLOADER: Inserted 120000 rows
2014-02-09 03:14:24,696   INFO  [Volt Network - 0] CSVLOADER: Inserted 130000 rows
2014-02-09 03:14:24,854   INFO  [Volt Network - 0] CSVLOADER: Inserted 140000 rows
2014-02-09 03:14:25,014   INFO  [Volt Network - 0] CSVLOADER: Inserted 150000 rows
2014-02-09 03:14:25,180   INFO  [Volt Network - 0] CSVLOADER: Inserted 160000 rows
2014-02-09 03:14:26,096   INFO  [Volt Network - 0] CSVLOADER: Inserted 170000 rows
2014-02-09 03:14:26,290   INFO  [Volt Network - 0] CSVLOADER: Inserted 180000 rows
2014-02-09 03:14:26,438   INFO  [Volt Network - 0] CSVLOADER: Inserted 190000 rows
2014-02-09 03:14:26,592   INFO  [Volt Network - 0] CSVLOADER: Inserted 200000 rows
2014-02-09 03:14:26,747   INFO  [Volt Network - 0] CSVLOADER: Inserted 210000 rows
2014-02-09 03:14:27,051   INFO  [Volt Network - 0] CSVLOADER: Inserted 220000 rows
2014-02-09 03:14:27,254   INFO  [Volt Network - 0] CSVLOADER: Inserted 230000 rows
2014-02-09 03:14:27,453   INFO  [Volt Network - 0] CSVLOADER: Inserted 240000 rows
2014-02-09 03:14:27,607   INFO  [Volt Network - 0] CSVLOADER: Inserted 250000 rows
2014-02-09 03:14:27,784   INFO  [Volt Network - 0] CSVLOADER: Inserted 260000 rows
2014-02-09 03:14:28,014   INFO  [Volt Network - 0] CSVLOADER: Inserted 270000 rows
2014-02-09 03:14:28,308   INFO  [Volt Network - 0] CSVLOADER: Inserted 280000 rows
2014-02-09 03:14:28,463   INFO  [Volt Network - 0] CSVLOADER: Inserted 290000 rows
2014-02-09 03:14:28,616   INFO  [Volt Network - 0] CSVLOADER: Inserted 300000 rows
2014-02-09 03:14:28,924   INFO  [Volt Network - 0] CSVLOADER: Inserted 310000 rows
2014-02-09 03:14:29,096   INFO  [Volt Network - 0] CSVLOADER: Inserted 320000 rows
2014-02-09 03:14:29,248   INFO  [Volt Network - 0] CSVLOADER: Inserted 330000 rows
2014-02-09 03:14:29,403   INFO  [Volt Network - 0] CSVLOADER: Inserted 340000 rows
2014-02-09 03:14:29,571   INFO  [Volt Network - 0] CSVLOADER: Inserted 350000 rows
2014-02-09 03:14:29,778   INFO  [Volt Network - 0] CSVLOADER: Inserted 360000 rows
2014-02-09 03:14:29,931   INFO  [Volt Network - 0] CSVLOADER: Inserted 370000 rows
2014-02-09 03:14:30,084   INFO  [Volt Network - 0] CSVLOADER: Inserted 380000 rows
2014-02-09 03:14:30,276   INFO  [Volt Network - 0] CSVLOADER: Inserted 390000 rows
2014-02-09 03:14:30,605   INFO  [Volt Network - 0] CSVLOADER: Inserted 400000 rows
2014-02-09 03:14:30,786   INFO  [Volt Network - 0] CSVLOADER: Inserted 410000 rows
2014-02-09 03:14:30,942   INFO  [Volt Network - 0] CSVLOADER: Inserted 420000 rows
2014-02-09 03:14:31,099   INFO  [Volt Network - 0] CSVLOADER: Inserted 430000 rows
2014-02-09 03:14:31,257   INFO  [Volt Network - 0] CSVLOADER: Inserted 440000 rows
2014-02-09 03:14:31,464   INFO  [Volt Network - 0] CSVLOADER: Inserted 450000 rows
2014-02-09 03:14:31,630   INFO  [Volt Network - 0] CSVLOADER: Inserted 460000 rows
2014-02-09 03:14:31,784   INFO  [Volt Network - 0] CSVLOADER: Inserted 470000 rows
2014-02-09 03:14:31,938   INFO  [Volt Network - 0] CSVLOADER: Inserted 480000 rows
2014-02-09 03:14:32,300   INFO  [Volt Network - 0] CSVLOADER: Inserted 490000 rows
2014-02-09 03:14:32,594   INFO  [Volt Network - 0] CSVLOADER: Inserted 500000 rows
2014-02-09 03:14:32,745   INFO  [Volt Network - 0] CSVLOADER: Inserted 510000 rows
2014-02-09 03:14:32,898   INFO  [Volt Network - 0] CSVLOADER: Inserted 520000 rows
2014-02-09 03:14:33,050   INFO  [Volt Network - 0] CSVLOADER: Inserted 530000 rows
2014-02-09 03:14:33,261   INFO  [Volt Network - 0] CSVLOADER: Inserted 540000 rows
2014-02-09 03:14:33,424   INFO  [Volt Network - 0] CSVLOADER: Inserted 550000 rows
2014-02-09 03:14:33,576   INFO  [Volt Network - 0] CSVLOADER: Inserted 560000 rows
2014-02-09 03:14:33,745   INFO  [Volt Network - 0] CSVLOADER: Inserted 570000 rows
2014-02-09 03:14:33,937   INFO  [Volt Network - 0] CSVLOADER: Inserted 580000 rows
2014-02-09 03:14:34,305   INFO  [Volt Network - 0] CSVLOADER: Inserted 590000 rows
2014-02-09 03:14:34,503   INFO  [Volt Network - 0] CSVLOADER: Inserted 600000 rows
2014-02-09 03:14:34,658   INFO  [Volt Network - 0] CSVLOADER: Inserted 610000 rows
2014-02-09 03:14:34,828   INFO  [Volt Network - 0] CSVLOADER: Inserted 620000 rows
2014-02-09 03:14:35,034   INFO  [Volt Network - 0] CSVLOADER: Inserted 630000 rows
2014-02-09 03:14:35,201   INFO  [Volt Network - 0] CSVLOADER: Inserted 640000 rows
2014-02-09 03:14:35,358   INFO  [Volt Network - 0] CSVLOADER: Inserted 650000 rows
2014-02-09 03:14:35,511   INFO  [Volt Network - 0] CSVLOADER: Inserted 660000 rows
2014-02-09 03:14:35,677   INFO  [Volt Network - 0] CSVLOADER: Inserted 670000 rows
2014-02-09 03:14:35,878   INFO  [Volt Network - 0] CSVLOADER: Inserted 680000 rows
2014-02-09 03:14:36,036   INFO  [Volt Network - 0] CSVLOADER: Inserted 690000 rows
2014-02-09 03:14:36,190   INFO  [Volt Network - 0] CSVLOADER: Inserted 700000 rows
2014-02-09 03:14:36,402   INFO  [Volt Network - 0] CSVLOADER: Inserted 710000 rows
2014-02-09 03:14:36,664   INFO  [Volt Network - 0] CSVLOADER: Inserted 720000 rows
2014-02-09 03:14:36,833   INFO  [Volt Network - 0] CSVLOADER: Inserted 730000 rows
2014-02-09 03:14:36,982   INFO  [Volt Network - 0] CSVLOADER: Inserted 740000 rows
2014-02-09 03:14:37,131   INFO  [Volt Network - 0] CSVLOADER: Inserted 750000 rows
2014-02-09 03:14:37,291   INFO  [Volt Network - 0] CSVLOADER: Inserted 760000 rows
2014-02-09 03:14:37,512   INFO  [Volt Network - 0] CSVLOADER: Inserted 770000 rows
2014-02-09 03:14:37,683   INFO  [Volt Network - 0] CSVLOADER: Inserted 780000 rows
2014-02-09 03:14:37,843   INFO  [Volt Network - 0] CSVLOADER: Inserted 790000 rows
2014-02-09 03:14:37,999   INFO  [Volt Network - 0] CSVLOADER: Inserted 800000 rows
2014-02-09 03:14:38,272   INFO  [Volt Network - 0] CSVLOADER: Inserted 810000 rows
2014-02-09 03:14:38,423   INFO  [Volt Network - 0] CSVLOADER: Inserted 820000 rows
2014-02-09 03:14:38,568   INFO  [Volt Network - 0] CSVLOADER: Inserted 830000 rows
2014-02-09 03:14:38,716   INFO  [Volt Network - 0] CSVLOADER: Inserted 840000 rows
2014-02-09 03:14:38,868   INFO  [Volt Network - 0] CSVLOADER: Inserted 850000 rows
2014-02-09 03:14:39,011   INFO  [Volt Network - 0] CSVLOADER: Inserted 860000 rows
2014-02-09 03:14:39,160   INFO  [Volt Network - 0] CSVLOADER: Inserted 870000 rows
2014-02-09 03:14:39,309   INFO  [Volt Network - 0] CSVLOADER: Inserted 880000 rows
2014-02-09 03:14:39,458   INFO  [Volt Network - 0] CSVLOADER: Inserted 890000 rows
2014-02-09 03:14:39,610   INFO  [Volt Network - 0] CSVLOADER: Inserted 900000 rows
2014-02-09 03:14:39,775   INFO  [Volt Network - 0] CSVLOADER: Inserted 910000 rows
2014-02-09 03:14:39,956   INFO  [Volt Network - 0] CSVLOADER: Inserted 920000 rows
2014-02-09 03:14:40,100   INFO  [Volt Network - 0] CSVLOADER: Inserted 930000 rows
2014-02-09 03:14:40,246   INFO  [Volt Network - 0] CSVLOADER: Inserted 940000 rows
2014-02-09 03:14:40,410   INFO  [Volt Network - 0] CSVLOADER: Inserted 950000 rows
2014-02-09 03:14:40,559   INFO  [Volt Network - 0] CSVLOADER: Inserted 960000 rows
2014-02-09 03:14:40,705   INFO  [Volt Network - 0] CSVLOADER: Inserted 970000 rows
2014-02-09 03:14:40,849   INFO  [Volt Network - 0] CSVLOADER: Inserted 980000 rows
2014-02-09 03:14:40,997   INFO  [Volt Network - 0] CSVLOADER: Inserted 990000 rows
2014-02-09 03:14:41,143   INFO  [Volt Network - 0] CSVLOADER: Inserted 1000000 rows
2014-02-09 03:14:41,156   INFO  [main] CSVLOADER: Read 1000000 rows from file and successfully inserted 1000000 rows (final)
2014-02-09 03:14:41,157   INFO  [main] CSVLOADER: Elapsed time: 21.158 seconds
2014-02-09 03:14:41,157   INFO  [main] CSVLOADER: Invalid row file: /Users/kzhirata/Documents/workspace/voltSample/data/csvloader_MAILHISTORY_insert_invalidrows.csv
2014-02-09 03:14:41,157   INFO  [main] CSVLOADER: Log file: /Users/kzhirata/Documents/workspace/voltSample/data/csvloader_MAILHISTORY_insert_log.log
2014-02-09 03:14:41,157   INFO  [main] CSVLOADER: Report file: /Users/kzhirata/Documents/workspace/voltSample/data/csvloader_MAILHISTORY_insert_report.log
2014-02-09 03:21:54,051   INFO  [Volt Network - 0] CSVLOADER: Inserted 10000 rows
2014-02-09 03:21:54,443   INFO  [Volt Network - 0] CSVLOADER: Inserted 20000 rows
2014-02-09 03:21:54,660   INFO  [Volt Network - 0] CSVLOADER: Inserted 30000 rows
2014-02-09 03:21:54,888   INFO  [Volt Network - 0] CSVLOADER: Inserted 40000 rows
2014-02-09 03:21:55,140   INFO  [Volt Network - 0] CSVLOADER: Inserted 50000 rows
2014-02-09 03:21:55,342   INFO  [Volt Network - 0] CSVLOADER: Inserted 60000 rows
2014-02-09 03:21:55,614   INFO  [Volt Network - 0] CSVLOADER: Inserted 70000 rows
2014-02-09 03:21:55,896   INFO  [Volt Network - 0] CSVLOADER: Inserted 80000 rows
2014-02-09 03:21:56,096   INFO  [Volt Network - 0] CSVLOADER: Inserted 90000 rows
2014-02-09 03:21:56,404   INFO  [Volt Network - 0] CSVLOADER: Inserted 100000 rows
2014-02-09 03:21:56,551   INFO  [Volt Network - 0] CSVLOADER: Inserted 110000 rows
2014-02-09 03:21:56,729   INFO  [Volt Network - 0] CSVLOADER: Inserted 120000 rows
2014-02-09 03:21:56,884   INFO  [Volt Network - 0] CSVLOADER: Inserted 130000 rows
2014-02-09 03:21:57,110   INFO  [Volt Network - 0] CSVLOADER: Inserted 140000 rows
2014-02-09 03:21:57,300   INFO  [Volt Network - 0] CSVLOADER: Inserted 150000 rows
2014-02-09 03:21:57,443   INFO  [Volt Network - 0] CSVLOADER: Inserted 160000 rows
2014-02-09 03:21:57,584   INFO  [Volt Network - 0] CSVLOADER: Inserted 170000 rows
2014-02-09 03:21:58,550   INFO  [Volt Network - 0] CSVLOADER: Inserted 180000 rows
2014-02-09 03:21:58,597   INFO  [Volt Network - 0] CSVLOADER: Inserted 190000 rows
2014-02-09 03:21:58,816   INFO  [Volt Network - 0] CSVLOADER: Inserted 200000 rows
2014-02-09 03:21:58,973   INFO  [Volt Network - 0] CSVLOADER: Inserted 210000 rows
2014-02-09 03:21:59,119   INFO  [Volt Network - 0] CSVLOADER: Inserted 220000 rows
2014-02-09 03:21:59,325   INFO  [Volt Network - 0] CSVLOADER: Inserted 230000 rows
2014-02-09 03:21:59,486   INFO  [Volt Network - 0] CSVLOADER: Inserted 240000 rows
2014-02-09 03:21:59,731   INFO  [Volt Network - 0] CSVLOADER: Inserted 250000 rows
2014-02-09 03:21:59,882   INFO  [Volt Network - 0] CSVLOADER: Inserted 260000 rows
2014-02-09 03:22:00,026   INFO  [Volt Network - 0] CSVLOADER: Inserted 270000 rows
2014-02-09 03:22:00,169   INFO  [Volt Network - 0] CSVLOADER: Inserted 280000 rows
2014-02-09 03:22:00,348   INFO  [Volt Network - 0] CSVLOADER: Inserted 290000 rows
2014-02-09 03:22:00,532   INFO  [Volt Network - 0] CSVLOADER: Inserted 300000 rows
2014-02-09 03:22:00,679   INFO  [Volt Network - 0] CSVLOADER: Inserted 310000 rows
2014-02-09 03:22:00,826   INFO  [Volt Network - 0] CSVLOADER: Inserted 320000 rows
2014-02-09 03:22:01,002   INFO  [Volt Network - 0] CSVLOADER: Inserted 330000 rows
2014-02-09 03:22:01,290   INFO  [Volt Network - 0] CSVLOADER: Inserted 340000 rows
2014-02-09 03:22:01,451   INFO  [Volt Network - 0] CSVLOADER: Inserted 350000 rows
2014-02-09 03:22:01,596   INFO  [Volt Network - 0] CSVLOADER: Inserted 360000 rows
2014-02-09 03:22:01,742   INFO  [Volt Network - 0] CSVLOADER: Inserted 370000 rows
2014-02-09 03:22:01,904   INFO  [Volt Network - 0] CSVLOADER: Inserted 380000 rows
2014-02-09 03:22:02,235   INFO  [Volt Network - 0] CSVLOADER: Inserted 390000 rows
2014-02-09 03:22:02,391   INFO  [Volt Network - 0] CSVLOADER: Inserted 400000 rows
2014-02-09 03:22:02,537   INFO  [Volt Network - 0] CSVLOADER: Inserted 410000 rows
2014-02-09 03:22:02,688   INFO  [Volt Network - 0] CSVLOADER: Inserted 420000 rows
2014-02-09 03:22:02,885   INFO  [Volt Network - 0] CSVLOADER: Inserted 430000 rows
2014-02-09 03:22:03,108   INFO  [Volt Network - 0] CSVLOADER: Inserted 440000 rows
2014-02-09 03:22:03,254   INFO  [Volt Network - 0] CSVLOADER: Inserted 450000 rows
2014-02-09 03:22:03,401   INFO  [Volt Network - 0] CSVLOADER: Inserted 460000 rows
2014-02-09 03:22:03,542   INFO  [Volt Network - 0] CSVLOADER: Inserted 470000 rows
2014-02-09 03:22:03,778   INFO  [Volt Network - 0] CSVLOADER: Inserted 480000 rows
2014-02-09 03:22:03,930   INFO  [Volt Network - 0] CSVLOADER: Inserted 490000 rows
2014-02-09 03:22:04,071   INFO  [Volt Network - 0] CSVLOADER: Inserted 500000 rows
2014-02-09 03:22:04,222   INFO  [Volt Network - 0] CSVLOADER: Inserted 510000 rows
2014-02-09 03:22:04,499   INFO  [Volt Network - 0] CSVLOADER: Inserted 520000 rows
2014-02-09 03:22:04,700   INFO  [Volt Network - 0] CSVLOADER: Inserted 530000 rows
2014-02-09 03:22:04,846   INFO  [Volt Network - 0] CSVLOADER: Inserted 540000 rows
2014-02-09 03:22:05,067   INFO  [Volt Network - 0] CSVLOADER: Inserted 550000 rows
2014-02-09 03:22:05,211   INFO  [Volt Network - 0] CSVLOADER: Inserted 560000 rows
2014-02-09 03:22:05,392   INFO  [Volt Network - 0] CSVLOADER: Inserted 570000 rows
2014-02-09 03:22:05,565   INFO  [Volt Network - 0] CSVLOADER: Inserted 580000 rows
2014-02-09 03:22:05,714   INFO  [Volt Network - 0] CSVLOADER: Inserted 590000 rows
2014-02-09 03:22:05,862   INFO  [Volt Network - 0] CSVLOADER: Inserted 600000 rows
2014-02-09 03:22:06,006   INFO  [Volt Network - 0] CSVLOADER: Inserted 610000 rows
2014-02-09 03:22:06,325   INFO  [Volt Network - 0] CSVLOADER: Inserted 620000 rows
2014-02-09 03:22:06,495   INFO  [Volt Network - 0] CSVLOADER: Inserted 630000 rows
2014-02-09 03:22:06,638   INFO  [Volt Network - 0] CSVLOADER: Inserted 640000 rows
2014-02-09 03:22:06,818   INFO  [Volt Network - 0] CSVLOADER: Inserted 650000 rows
2014-02-09 03:22:06,964   INFO  [Volt Network - 0] CSVLOADER: Inserted 660000 rows
2014-02-09 03:22:07,159   INFO  [Volt Network - 0] CSVLOADER: Inserted 670000 rows
2014-02-09 03:22:07,311   INFO  [Volt Network - 0] CSVLOADER: Inserted 680000 rows
2014-02-09 03:22:07,456   INFO  [Volt Network - 0] CSVLOADER: Inserted 690000 rows
2014-02-09 03:22:07,604   INFO  [Volt Network - 0] CSVLOADER: Inserted 700000 rows
2014-02-09 03:22:07,769   INFO  [Volt Network - 0] CSVLOADER: Inserted 710000 rows
2014-02-09 03:22:07,943   INFO  [Volt Network - 0] CSVLOADER: Inserted 720000 rows
2014-02-09 03:22:08,083   INFO  [Volt Network - 0] CSVLOADER: Inserted 730000 rows
2014-02-09 03:22:08,232   INFO  [Volt Network - 0] CSVLOADER: Inserted 740000 rows
2014-02-09 03:22:08,381   INFO  [Volt Network - 0] CSVLOADER: Inserted 750000 rows
2014-02-09 03:22:08,686   INFO  [Volt Network - 0] CSVLOADER: Inserted 760000 rows
2014-02-09 03:22:08,837   INFO  [Volt Network - 0] CSVLOADER: Inserted 770000 rows
2014-02-09 03:22:08,984   INFO  [Volt Network - 0] CSVLOADER: Inserted 780000 rows
2014-02-09 03:22:09,127   INFO  [Volt Network - 0] CSVLOADER: Inserted 790000 rows
2014-02-09 03:22:09,291   INFO  [Volt Network - 0] CSVLOADER: Inserted 800000 rows
2014-02-09 03:22:09,444   INFO  [Volt Network - 0] CSVLOADER: Inserted 810000 rows
2014-02-09 03:22:09,587   INFO  [Volt Network - 0] CSVLOADER: Inserted 820000 rows
2014-02-09 03:22:09,735   INFO  [Volt Network - 0] CSVLOADER: Inserted 830000 rows
2014-02-09 03:22:09,883   INFO  [Volt Network - 0] CSVLOADER: Inserted 840000 rows
2014-02-09 03:22:10,028   INFO  [Volt Network - 0] CSVLOADER: Inserted 850000 rows
2014-02-09 03:22:10,173   INFO  [Volt Network - 0] CSVLOADER: Inserted 860000 rows
2014-02-09 03:22:10,402   INFO  [Volt Network - 0] CSVLOADER: Inserted 870000 rows
2014-02-09 03:22:10,542   INFO  [Volt Network - 0] CSVLOADER: Inserted 880000 rows
2014-02-09 03:22:10,694   INFO  [Volt Network - 0] CSVLOADER: Inserted 890000 rows
2014-02-09 03:22:10,845   INFO  [Volt Network - 0] CSVLOADER: Inserted 900000 rows
2014-02-09 03:22:10,992   INFO  [Volt Network - 0] CSVLOADER: Inserted 910000 rows
2014-02-09 03:22:11,131   INFO  [Volt Network - 0] CSVLOADER: Inserted 920000 rows
2014-02-09 03:22:11,276   INFO  [Volt Network - 0] CSVLOADER: Inserted 930000 rows
2014-02-09 03:22:11,421   INFO  [Volt Network - 0] CSVLOADER: Inserted 940000 rows
2014-02-09 03:22:11,565   INFO  [Volt Network - 0] CSVLOADER: Inserted 950000 rows
2014-02-09 03:22:11,711   INFO  [Volt Network - 0] CSVLOADER: Inserted 960000 rows
2014-02-09 03:22:11,868   INFO  [Volt Network - 0] CSVLOADER: Inserted 970000 rows
2014-02-09 03:22:12,042   INFO  [Volt Network - 0] CSVLOADER: Inserted 980000 rows
2014-02-09 03:22:12,187   INFO  [Volt Network - 0] CSVLOADER: Inserted 990000 rows
2014-02-09 03:22:12,334   INFO  [Volt Network - 0] CSVLOADER: Inserted 1000000 rows
2014-02-09 03:22:12,344   INFO  [main] CSVLOADER: Read 1000000 rows from file and successfully inserted 1000000 rows (final)
2014-02-09 03:22:12,344   INFO  [main] CSVLOADER: Elapsed time: 19.733 seconds
2014-02-09 03:22:12,345   INFO  [main] CSVLOADER: Invalid row file: /Users/kzhirata/Documents/workspace/voltSample/data/csvloader_TRACKINGHISTORY_insert_invalidrows.csv
2014-02-09 03:22:12,345   INFO  [main] CSVLOADER: Log file: /Users/kzhirata/Documents/workspace/voltSample/data/csvloader_TRACKINGHISTORY_insert_log.log
2014-02-09 03:22:12,345   INFO  [main] CSVLOADER: Report file: /Users/kzhirata/Documents/workspace/voltSample/data/csvloader_TRACKINGHISTORY_insert_report.log
2014-02-09 03:29:45,143   INFO  [Volt Network - 0] CSVLOADER: Inserted 10000 rows
2014-02-09 03:29:45,369   INFO  [Volt Network - 0] CSVLOADER: Inserted 20000 rows
2014-02-09 03:29:45,581   INFO  [Volt Network - 0] CSVLOADER: Inserted 30000 rows
2014-02-09 03:29:45,793   INFO  [Volt Network - 0] CSVLOADER: Inserted 40000 rows
2014-02-09 03:29:46,029   INFO  [Volt Network - 0] CSVLOADER: Inserted 50000 rows
2014-02-09 03:29:46,269   INFO  [Volt Network - 0] CSVLOADER: Inserted 60000 rows
2014-02-09 03:29:46,483   INFO  [Volt Network - 0] CSVLOADER: Inserted 70000 rows
2014-02-09 03:29:46,676   INFO  [Volt Network - 0] CSVLOADER: Inserted 80000 rows
2014-02-09 03:29:46,896   INFO  [Volt Network - 0] CSVLOADER: Inserted 90000 rows
2014-02-09 03:29:47,095   INFO  [Volt Network - 0] CSVLOADER: Inserted 100000 rows
2014-02-09 03:29:47,189   INFO  [main] CSVLOADER: Read 100000 rows from file and successfully inserted 100000 rows (final)
2014-02-09 03:29:47,190   INFO  [main] CSVLOADER: Elapsed time: 3.602 seconds
2014-02-09 03:29:47,190   INFO  [main] CSVLOADER: Invalid row file: /Users/kzhirata/Documents/workspace/voltSample/data/csvloader_VISITOR_insert_invalidrows.csv
2014-02-09 03:29:47,190   INFO  [main] CSVLOADER: Log file: /Users/kzhirata/Documents/workspace/voltSample/data/csvloader_VISITOR_insert_log.log
2014-02-09 03:29:47,190   INFO  [main] CSVLOADER: Report file: /Users/kzhirata/Documents/workspace/voltSample/data/csvloader_VISITOR_insert_report.log
2014-02-09 03:29:48,902   INFO  [Volt Network - 0] CSVLOADER: Inserted 10000 rows
2014-02-09 03:29:49,302   INFO  [Volt Network - 0] CSVLOADER: Inserted 20000 rows
2014-02-09 03:29:49,586   INFO  [Volt Network - 0] CSVLOADER: Inserted 30000 rows
2014-02-09 03:29:49,905   INFO  [Volt Network - 0] CSVLOADER: Inserted 40000 rows
2014-02-09 03:29:50,243   INFO  [Volt Network - 0] CSVLOADER: Inserted 50000 rows
2014-02-09 03:29:50,583   INFO  [Volt Network - 0] CSVLOADER: Inserted 60000 rows
2014-02-09 03:29:51,083   INFO  [Volt Network - 0] CSVLOADER: Inserted 70000 rows
2014-02-09 03:29:51,261   INFO  [Volt Network - 0] CSVLOADER: Inserted 80000 rows
2014-02-09 03:29:51,430   INFO  [Volt Network - 0] CSVLOADER: Inserted 90000 rows
2014-02-09 03:29:51,593   INFO  [Volt Network - 0] CSVLOADER: Inserted 100000 rows
2014-02-09 03:29:51,748   INFO  [Volt Network - 0] CSVLOADER: Inserted 110000 rows
2014-02-09 03:29:52,051   INFO  [Volt Network - 0] CSVLOADER: Inserted 120000 rows
2014-02-09 03:29:52,235   INFO  [Volt Network - 0] CSVLOADER: Inserted 130000 rows
2014-02-09 03:29:52,393   INFO  [Volt Network - 0] CSVLOADER: Inserted 140000 rows
2014-02-09 03:29:52,552   INFO  [Volt Network - 0] CSVLOADER: Inserted 150000 rows
2014-02-09 03:29:52,722   INFO  [Volt Network - 0] CSVLOADER: Inserted 160000 rows
2014-02-09 03:29:53,632   INFO  [Volt Network - 0] CSVLOADER: Inserted 170000 rows
2014-02-09 03:29:53,826   INFO  [Volt Network - 0] CSVLOADER: Inserted 180000 rows
2014-02-09 03:29:53,978   INFO  [Volt Network - 0] CSVLOADER: Inserted 190000 rows
2014-02-09 03:29:54,125   INFO  [Volt Network - 0] CSVLOADER: Inserted 200000 rows
2014-02-09 03:29:54,274   INFO  [Volt Network - 0] CSVLOADER: Inserted 210000 rows
2014-02-09 03:29:54,524   INFO  [Volt Network - 0] CSVLOADER: Inserted 220000 rows
2014-02-09 03:29:54,693   INFO  [Volt Network - 0] CSVLOADER: Inserted 230000 rows
2014-02-09 03:29:54,875   INFO  [Volt Network - 0] CSVLOADER: Inserted 240000 rows
2014-02-09 03:29:55,025   INFO  [Volt Network - 0] CSVLOADER: Inserted 250000 rows
2014-02-09 03:29:55,194   INFO  [Volt Network - 0] CSVLOADER: Inserted 260000 rows
2014-02-09 03:29:55,417   INFO  [Volt Network - 0] CSVLOADER: Inserted 270000 rows
2014-02-09 03:29:55,724   INFO  [Volt Network - 0] CSVLOADER: Inserted 280000 rows
2014-02-09 03:29:55,899   INFO  [Volt Network - 0] CSVLOADER: Inserted 290000 rows
2014-02-09 03:29:56,049   INFO  [Volt Network - 0] CSVLOADER: Inserted 300000 rows
2014-02-09 03:29:56,325   INFO  [Volt Network - 0] CSVLOADER: Inserted 310000 rows
2014-02-09 03:29:56,505   INFO  [Volt Network - 0] CSVLOADER: Inserted 320000 rows
2014-02-09 03:29:56,654   INFO  [Volt Network - 0] CSVLOADER: Inserted 330000 rows
2014-02-09 03:29:56,804   INFO  [Volt Network - 0] CSVLOADER: Inserted 340000 rows
2014-02-09 03:29:56,956   INFO  [Volt Network - 0] CSVLOADER: Inserted 350000 rows
2014-02-09 03:29:57,171   INFO  [Volt Network - 0] CSVLOADER: Inserted 360000 rows
2014-02-09 03:29:57,329   INFO  [Volt Network - 0] CSVLOADER: Inserted 370000 rows
2014-02-09 03:29:57,495   INFO  [Volt Network - 0] CSVLOADER: Inserted 380000 rows
2014-02-09 03:29:57,675   INFO  [Volt Network - 0] CSVLOADER: Inserted 390000 rows
2014-02-09 03:29:58,029   INFO  [Volt Network - 0] CSVLOADER: Inserted 400000 rows
2014-02-09 03:29:58,232   INFO  [Volt Network - 0] CSVLOADER: Inserted 410000 rows
2014-02-09 03:29:58,388   INFO  [Volt Network - 0] CSVLOADER: Inserted 420000 rows
2014-02-09 03:29:58,535   INFO  [Volt Network - 0] CSVLOADER: Inserted 430000 rows
2014-02-09 03:29:58,683   INFO  [Volt Network - 0] CSVLOADER: Inserted 440000 rows
2014-02-09 03:29:58,882   INFO  [Volt Network - 0] CSVLOADER: Inserted 450000 rows
2014-02-09 03:29:59,058   INFO  [Volt Network - 0] CSVLOADER: Inserted 460000 rows
2014-02-09 03:29:59,206   INFO  [Volt Network - 0] CSVLOADER: Inserted 470000 rows
2014-02-09 03:29:59,356   INFO  [Volt Network - 0] CSVLOADER: Inserted 480000 rows
2014-02-09 03:29:59,677   INFO  [Volt Network - 0] CSVLOADER: Inserted 490000 rows
2014-02-09 03:30:00,025   INFO  [Volt Network - 0] CSVLOADER: Inserted 500000 rows
2014-02-09 03:30:00,173   INFO  [Volt Network - 0] CSVLOADER: Inserted 510000 rows
2014-02-09 03:30:00,320   INFO  [Volt Network - 0] CSVLOADER: Inserted 520000 rows
2014-02-09 03:30:00,468   INFO  [Volt Network - 0] CSVLOADER: Inserted 530000 rows
2014-02-09 03:30:00,667   INFO  [Volt Network - 0] CSVLOADER: Inserted 540000 rows
2014-02-09 03:30:00,820   INFO  [Volt Network - 0] CSVLOADER: Inserted 550000 rows
2014-02-09 03:30:00,970   INFO  [Volt Network - 0] CSVLOADER: Inserted 560000 rows
2014-02-09 03:30:01,141   INFO  [Volt Network - 0] CSVLOADER: Inserted 570000 rows
2014-02-09 03:30:01,460   INFO  [Volt Network - 0] CSVLOADER: Inserted 580000 rows
2014-02-09 03:30:01,655   INFO  [Volt Network - 0] CSVLOADER: Inserted 590000 rows
2014-02-09 03:30:01,800   INFO  [Volt Network - 0] CSVLOADER: Inserted 600000 rows
2014-02-09 03:30:01,979   INFO  [Volt Network - 0] CSVLOADER: Inserted 610000 rows
2014-02-09 03:30:02,121   INFO  [Volt Network - 0] CSVLOADER: Inserted 620000 rows
2014-02-09 03:30:02,338   INFO  [Volt Network - 0] CSVLOADER: Inserted 630000 rows
2014-02-09 03:30:02,491   INFO  [Volt Network - 0] CSVLOADER: Inserted 640000 rows
2014-02-09 03:30:02,639   INFO  [Volt Network - 0] CSVLOADER: Inserted 650000 rows
2014-02-09 03:30:02,784   INFO  [Volt Network - 0] CSVLOADER: Inserted 660000 rows
2014-02-09 03:30:02,947   INFO  [Volt Network - 0] CSVLOADER: Inserted 670000 rows
2014-02-09 03:30:03,201   INFO  [Volt Network - 0] CSVLOADER: Inserted 680000 rows
2014-02-09 03:30:03,349   INFO  [Volt Network - 0] CSVLOADER: Inserted 690000 rows
2014-02-09 03:30:03,502   INFO  [Volt Network - 0] CSVLOADER: Inserted 700000 rows
2014-02-09 03:30:03,739   INFO  [Volt Network - 0] CSVLOADER: Inserted 710000 rows
2014-02-09 03:30:03,928   INFO  [Volt Network - 0] CSVLOADER: Inserted 720000 rows
2014-02-09 03:30:04,081   INFO  [Volt Network - 0] CSVLOADER: Inserted 730000 rows
2014-02-09 03:30:04,367   INFO  [Volt Network - 0] CSVLOADER: Inserted 740000 rows
2014-02-09 03:30:04,511   INFO  [Volt Network - 0] CSVLOADER: Inserted 750000 rows
2014-02-09 03:30:04,667   INFO  [Volt Network - 0] CSVLOADER: Inserted 760000 rows
2014-02-09 03:30:04,851   INFO  [Volt Network - 0] CSVLOADER: Inserted 770000 rows
2014-02-09 03:30:04,999   INFO  [Volt Network - 0] CSVLOADER: Inserted 780000 rows
2014-02-09 03:30:05,156   INFO  [Volt Network - 0] CSVLOADER: Inserted 790000 rows
2014-02-09 03:30:05,306   INFO  [Volt Network - 0] CSVLOADER: Inserted 800000 rows
2014-02-09 03:30:05,478   INFO  [Volt Network - 0] CSVLOADER: Inserted 810000 rows
2014-02-09 03:30:05,656   INFO  [Volt Network - 0] CSVLOADER: Inserted 820000 rows
2014-02-09 03:30:05,804   INFO  [Volt Network - 0] CSVLOADER: Inserted 830000 rows
2014-02-09 03:30:05,956   INFO  [Volt Network - 0] CSVLOADER: Inserted 840000 rows
2014-02-09 03:30:06,100   INFO  [Volt Network - 0] CSVLOADER: Inserted 850000 rows
2014-02-09 03:30:06,248   INFO  [Volt Network - 0] CSVLOADER: Inserted 860000 rows
2014-02-09 03:30:06,399   INFO  [Volt Network - 0] CSVLOADER: Inserted 870000 rows
2014-02-09 03:30:06,545   INFO  [Volt Network - 0] CSVLOADER: Inserted 880000 rows
2014-02-09 03:30:06,695   INFO  [Volt Network - 0] CSVLOADER: Inserted 890000 rows
2014-02-09 03:30:06,852   INFO  [Volt Network - 0] CSVLOADER: Inserted 900000 rows
2014-02-09 03:30:07,003   INFO  [Volt Network - 0] CSVLOADER: Inserted 910000 rows
2014-02-09 03:30:07,192   INFO  [Volt Network - 0] CSVLOADER: Inserted 920000 rows
2014-02-09 03:30:07,342   INFO  [Volt Network - 0] CSVLOADER: Inserted 930000 rows
2014-02-09 03:30:07,489   INFO  [Volt Network - 0] CSVLOADER: Inserted 940000 rows
2014-02-09 03:30:07,636   INFO  [Volt Network - 0] CSVLOADER: Inserted 950000 rows
2014-02-09 03:30:07,784   INFO  [Volt Network - 0] CSVLOADER: Inserted 960000 rows
2014-02-09 03:30:07,932   INFO  [Volt Network - 0] CSVLOADER: Inserted 970000 rows
2014-02-09 03:30:08,079   INFO  [Volt Network - 0] CSVLOADER: Inserted 980000 rows
2014-02-09 03:30:08,223   INFO  [Volt Network - 0] CSVLOADER: Inserted 990000 rows
2014-02-09 03:30:08,376   INFO  [Volt Network - 0] CSVLOADER: Inserted 1000000 rows
2014-02-09 03:30:08,457   INFO  [main] CSVLOADER: Read 1000000 rows from file and successfully inserted 1000000 rows (final)
2014-02-09 03:30:08,457   INFO  [main] CSVLOADER: Elapsed time: 20.981 seconds
2014-02-09 03:30:08,457   INFO  [main] CSVLOADER: Invalid row file: /Users/kzhirata/Documents/workspace/voltSample/data/csvloader_MAILHISTORY_insert_invalidrows.csv
2014-02-09 03:30:08,457   INFO  [main] CSVLOADER: Log file: /Users/kzhirata/Documents/workspace/voltSample/data/csvloader_MAILHISTORY_insert_log.log
2014-02-09 03:30:08,457   INFO  [main] CSVLOADER: Report file: /Users/kzhirata/Documents/workspace/voltSample/data/csvloader_MAILHISTORY_insert_report.log
2014-02-09 03:30:10,133   INFO  [Volt Network - 0] CSVLOADER: Inserted 10000 rows
2014-02-09 03:30:10,486   INFO  [Volt Network - 0] CSVLOADER: Inserted 20000 rows
2014-02-09 03:30:10,797   INFO  [Volt Network - 0] CSVLOADER: Inserted 30000 rows
2014-02-09 03:30:11,045   INFO  [Volt Network - 0] CSVLOADER: Inserted 40000 rows
2014-02-09 03:30:11,287   INFO  [Volt Network - 0] CSVLOADER: Inserted 50000 rows
2014-02-09 03:30:11,551   INFO  [Volt Network - 0] CSVLOADER: Inserted 60000 rows
2014-02-09 03:30:11,727   INFO  [Volt Network - 0] CSVLOADER: Inserted 70000 rows
2014-02-09 03:30:12,000   INFO  [Volt Network - 0] CSVLOADER: Inserted 80000 rows
2014-02-09 03:30:12,190   INFO  [Volt Network - 0] CSVLOADER: Inserted 90000 rows
2014-02-09 03:30:13,154   INFO  [Volt Network - 0] CSVLOADER: Inserted 100000 rows
2014-02-09 03:30:13,217   INFO  [Volt Network - 0] CSVLOADER: Inserted 110000 rows
2014-02-09 03:30:13,373   INFO  [Volt Network - 0] CSVLOADER: Inserted 120000 rows
2014-02-09 03:30:13,534   INFO  [Volt Network - 0] CSVLOADER: Inserted 130000 rows
2014-02-09 03:30:13,721   INFO  [Volt Network - 0] CSVLOADER: Inserted 140000 rows
2014-02-09 03:30:13,885   INFO  [Volt Network - 0] CSVLOADER: Inserted 150000 rows
2014-02-09 03:30:14,027   INFO  [Volt Network - 0] CSVLOADER: Inserted 160000 rows
2014-02-09 03:30:14,167   INFO  [Volt Network - 0] CSVLOADER: Inserted 170000 rows
2014-02-09 03:30:14,321   INFO  [Volt Network - 0] CSVLOADER: Inserted 180000 rows
2014-02-09 03:30:14,569   INFO  [Volt Network - 0] CSVLOADER: Inserted 190000 rows
2014-02-09 03:30:14,719   INFO  [Volt Network - 0] CSVLOADER: Inserted 200000 rows
2014-02-09 03:30:14,865   INFO  [Volt Network - 0] CSVLOADER: Inserted 210000 rows
2014-02-09 03:30:15,011   INFO  [Volt Network - 0] CSVLOADER: Inserted 220000 rows
2014-02-09 03:30:15,195   INFO  [Volt Network - 0] CSVLOADER: Inserted 230000 rows
2014-02-09 03:30:15,381   INFO  [Volt Network - 0] CSVLOADER: Inserted 240000 rows
2014-02-09 03:30:15,531   INFO  [Volt Network - 0] CSVLOADER: Inserted 250000 rows
2014-02-09 03:30:15,688   INFO  [Volt Network - 0] CSVLOADER: Inserted 260000 rows
2014-02-09 03:30:15,837   INFO  [Volt Network - 0] CSVLOADER: Inserted 270000 rows
2014-02-09 03:30:16,108   INFO  [Volt Network - 0] CSVLOADER: Inserted 280000 rows
2014-02-09 03:30:16,288   INFO  [Volt Network - 0] CSVLOADER: Inserted 290000 rows
2014-02-09 03:30:16,434   INFO  [Volt Network - 0] CSVLOADER: Inserted 300000 rows
2014-02-09 03:30:16,584   INFO  [Volt Network - 0] CSVLOADER: Inserted 310000 rows
2014-02-09 03:30:16,732   INFO  [Volt Network - 0] CSVLOADER: Inserted 320000 rows
2014-02-09 03:30:16,936   INFO  [Volt Network - 0] CSVLOADER: Inserted 330000 rows
2014-02-09 03:30:17,238   INFO  [Volt Network - 0] CSVLOADER: Inserted 340000 rows
2014-02-09 03:30:17,387   INFO  [Volt Network - 0] CSVLOADER: Inserted 350000 rows
2014-02-09 03:30:17,540   INFO  [Volt Network - 0] CSVLOADER: Inserted 360000 rows
2014-02-09 03:30:17,699   INFO  [Volt Network - 0] CSVLOADER: Inserted 370000 rows
2014-02-09 03:30:17,896   INFO  [Volt Network - 0] CSVLOADER: Inserted 380000 rows
2014-02-09 03:30:18,042   INFO  [Volt Network - 0] CSVLOADER: Inserted 390000 rows
2014-02-09 03:30:18,190   INFO  [Volt Network - 0] CSVLOADER: Inserted 400000 rows
2014-02-09 03:30:18,334   INFO  [Volt Network - 0] CSVLOADER: Inserted 410000 rows
2014-02-09 03:30:18,510   INFO  [Volt Network - 0] CSVLOADER: Inserted 420000 rows
2014-02-09 03:30:18,825   INFO  [Volt Network - 0] CSVLOADER: Inserted 430000 rows
2014-02-09 03:30:18,968   INFO  [Volt Network - 0] CSVLOADER: Inserted 440000 rows
2014-02-09 03:30:19,194   INFO  [Volt Network - 0] CSVLOADER: Inserted 450000 rows
2014-02-09 03:30:19,342   INFO  [Volt Network - 0] CSVLOADER: Inserted 460000 rows
2014-02-09 03:30:19,565   INFO  [Volt Network - 0] CSVLOADER: Inserted 470000 rows
2014-02-09 03:30:19,732   INFO  [Volt Network - 0] CSVLOADER: Inserted 480000 rows
2014-02-09 03:30:19,880   INFO  [Volt Network - 0] CSVLOADER: Inserted 490000 rows
2014-02-09 03:30:20,021   INFO  [Volt Network - 0] CSVLOADER: Inserted 500000 rows
2014-02-09 03:30:20,177   INFO  [Volt Network - 0] CSVLOADER: Inserted 510000 rows
2014-02-09 03:30:20,507   INFO  [Volt Network - 0] CSVLOADER: Inserted 520000 rows
2014-02-09 03:30:20,650   INFO  [Volt Network - 0] CSVLOADER: Inserted 530000 rows
2014-02-09 03:30:20,794   INFO  [Volt Network - 0] CSVLOADER: Inserted 540000 rows
2014-02-09 03:30:20,967   INFO  [Volt Network - 0] CSVLOADER: Inserted 550000 rows
2014-02-09 03:30:21,130   INFO  [Volt Network - 0] CSVLOADER: Inserted 560000 rows
2014-02-09 03:30:21,325   INFO  [Volt Network - 0] CSVLOADER: Inserted 570000 rows
2014-02-09 03:30:21,466   INFO  [Volt Network - 0] CSVLOADER: Inserted 580000 rows
2014-02-09 03:30:21,609   INFO  [Volt Network - 0] CSVLOADER: Inserted 590000 rows
2014-02-09 03:30:21,755   INFO  [Volt Network - 0] CSVLOADER: Inserted 600000 rows
2014-02-09 03:30:21,937   INFO  [Volt Network - 0] CSVLOADER: Inserted 610000 rows
2014-02-09 03:30:22,103   INFO  [Volt Network - 0] CSVLOADER: Inserted 620000 rows
2014-02-09 03:30:22,248   INFO  [Volt Network - 0] CSVLOADER: Inserted 630000 rows
2014-02-09 03:30:22,398   INFO  [Volt Network - 0] CSVLOADER: Inserted 640000 rows
2014-02-09 03:30:22,542   INFO  [Volt Network - 0] CSVLOADER: Inserted 650000 rows
2014-02-09 03:30:22,861   INFO  [Volt Network - 0] CSVLOADER: Inserted 660000 rows
2014-02-09 03:30:23,015   INFO  [Volt Network - 0] CSVLOADER: Inserted 670000 rows
2014-02-09 03:30:23,157   INFO  [Volt Network - 0] CSVLOADER: Inserted 680000 rows
2014-02-09 03:30:23,297   INFO  [Volt Network - 0] CSVLOADER: Inserted 690000 rows
2014-02-09 03:30:23,449   INFO  [Volt Network - 0] CSVLOADER: Inserted 700000 rows
2014-02-09 03:30:23,672   INFO  [Volt Network - 0] CSVLOADER: Inserted 710000 rows
2014-02-09 03:30:23,813   INFO  [Volt Network - 0] CSVLOADER: Inserted 720000 rows
2014-02-09 03:30:23,955   INFO  [Volt Network - 0] CSVLOADER: Inserted 730000 rows
2014-02-09 03:30:24,100   INFO  [Volt Network - 0] CSVLOADER: Inserted 740000 rows
2014-02-09 03:30:24,264   INFO  [Volt Network - 0] CSVLOADER: Inserted 750000 rows
2014-02-09 03:30:24,450   INFO  [Volt Network - 0] CSVLOADER: Inserted 760000 rows
2014-02-09 03:30:24,674   INFO  [Volt Network - 0] CSVLOADER: Inserted 770000 rows
2014-02-09 03:30:24,814   INFO  [Volt Network - 0] CSVLOADER: Inserted 780000 rows
2014-02-09 03:30:24,955   INFO  [Volt Network - 0] CSVLOADER: Inserted 790000 rows
2014-02-09 03:30:25,173   INFO  [Volt Network - 0] CSVLOADER: Inserted 800000 rows
2014-02-09 03:30:25,320   INFO  [Volt Network - 0] CSVLOADER: Inserted 810000 rows
2014-02-09 03:30:25,468   INFO  [Volt Network - 0] CSVLOADER: Inserted 820000 rows
2014-02-09 03:30:25,612   INFO  [Volt Network - 0] CSVLOADER: Inserted 830000 rows
2014-02-09 03:30:25,756   INFO  [Volt Network - 0] CSVLOADER: Inserted 840000 rows
2014-02-09 03:30:25,907   INFO  [Volt Network - 0] CSVLOADER: Inserted 850000 rows
2014-02-09 03:30:26,051   INFO  [Volt Network - 0] CSVLOADER: Inserted 860000 rows
2014-02-09 03:30:26,200   INFO  [Volt Network - 0] CSVLOADER: Inserted 870000 rows
2014-02-09 03:30:26,384   INFO  [Volt Network - 0] CSVLOADER: Inserted 880000 rows
2014-02-09 03:30:26,527   INFO  [Volt Network - 0] CSVLOADER: Inserted 890000 rows
2014-02-09 03:30:26,703   INFO  [Volt Network - 0] CSVLOADER: Inserted 900000 rows
2014-02-09 03:30:26,862   INFO  [Volt Network - 0] CSVLOADER: Inserted 910000 rows
2014-02-09 03:30:27,002   INFO  [Volt Network - 0] CSVLOADER: Inserted 920000 rows
2014-02-09 03:30:27,144   INFO  [Volt Network - 0] CSVLOADER: Inserted 930000 rows
2014-02-09 03:30:27,287   INFO  [Volt Network - 0] CSVLOADER: Inserted 940000 rows
2014-02-09 03:30:27,455   INFO  [Volt Network - 0] CSVLOADER: Inserted 950000 rows
2014-02-09 03:30:27,616   INFO  [Volt Network - 0] CSVLOADER: Inserted 960000 rows
2014-02-09 03:30:27,783   INFO  [Volt Network - 0] CSVLOADER: Inserted 970000 rows
2014-02-09 03:30:27,930   INFO  [Volt Network - 0] CSVLOADER: Inserted 980000 rows
2014-02-09 03:30:28,118   INFO  [Volt Network - 0] CSVLOADER: Inserted 990000 rows
2014-02-09 03:30:28,262   INFO  [Volt Network - 0] CSVLOADER: Inserted 1000000 rows
2014-02-09 03:30:28,313   INFO  [main] CSVLOADER: Read 1000000 rows from file and successfully inserted 1000000 rows (final)
2014-02-09 03:30:28,314   INFO  [main] CSVLOADER: Elapsed time: 19.528 seconds
2014-02-09 03:30:28,314   INFO  [main] CSVLOADER: Invalid row file: /Users/kzhirata/Documents/workspace/voltSample/data/csvloader_TRACKINGHISTORY_insert_invalidrows.csv
2014-02-09 03:30:28,314   INFO  [main] CSVLOADER: Log file: /Users/kzhirata/Documents/workspace/voltSample/data/csvloader_TRACKINGHISTORY_insert_log.log
2014-02-09 03:30:28,314   INFO  [main] CSVLOADER: Report file: /Users/kzhirata/Documents/workspace/voltSample/data/csvloader_TRACKINGHISTORY_insert_report.log
2014-02-09 03:36:39,918   INFO  [Volt Network - 0] CSVLOADER: Inserted 10000 rows
2014-02-09 03:36:40,145   INFO  [Volt Network - 0] CSVLOADER: Inserted 20000 rows
2014-02-09 03:36:40,368   INFO  [Volt Network - 0] CSVLOADER: Inserted 30000 rows
2014-02-09 03:36:40,576   INFO  [Volt Network - 0] CSVLOADER: Inserted 40000 rows
2014-02-09 03:36:40,819   INFO  [Volt Network - 0] CSVLOADER: Inserted 50000 rows
2014-02-09 03:36:41,054   INFO  [Volt Network - 0] CSVLOADER: Inserted 60000 rows
2014-02-09 03:36:41,262   INFO  [Volt Network - 0] CSVLOADER: Inserted 70000 rows
2014-02-09 03:36:41,462   INFO  [Volt Network - 0] CSVLOADER: Inserted 80000 rows
2014-02-09 03:36:41,678   INFO  [Volt Network - 0] CSVLOADER: Inserted 90000 rows
2014-02-09 03:36:41,881   INFO  [Volt Network - 0] CSVLOADER: Inserted 100000 rows
2014-02-09 03:36:41,970   INFO  [main] CSVLOADER: Read 100000 rows from file and successfully inserted 100000 rows (final)
2014-02-09 03:36:41,971   INFO  [main] CSVLOADER: Elapsed time: 3.641 seconds
2014-02-09 03:36:41,971   INFO  [main] CSVLOADER: Invalid row file: /Users/kzhirata/Documents/workspace/voltSample/data/csvloader_VISITOR_insert_invalidrows.csv
2014-02-09 03:36:41,971   INFO  [main] CSVLOADER: Log file: /Users/kzhirata/Documents/workspace/voltSample/data/csvloader_VISITOR_insert_log.log
2014-02-09 03:36:41,971   INFO  [main] CSVLOADER: Report file: /Users/kzhirata/Documents/workspace/voltSample/data/csvloader_VISITOR_insert_report.log
2014-02-09 03:36:43,682   INFO  [Volt Network - 0] CSVLOADER: Inserted 10000 rows
2014-02-09 03:36:44,084   INFO  [Volt Network - 0] CSVLOADER: Inserted 20000 rows
2014-02-09 03:36:44,379   INFO  [Volt Network - 0] CSVLOADER: Inserted 30000 rows
2014-02-09 03:36:44,691   INFO  [Volt Network - 0] CSVLOADER: Inserted 40000 rows
2014-02-09 03:36:45,008   INFO  [Volt Network - 0] CSVLOADER: Inserted 50000 rows
2014-02-09 03:36:45,344   INFO  [Volt Network - 0] CSVLOADER: Inserted 60000 rows
2014-02-09 03:36:45,757   INFO  [Volt Network - 0] CSVLOADER: Inserted 70000 rows
2014-02-09 03:36:45,974   INFO  [Volt Network - 0] CSVLOADER: Inserted 80000 rows
2014-02-09 03:36:46,235   INFO  [Volt Network - 0] CSVLOADER: Inserted 90000 rows
2014-02-09 03:36:46,393   INFO  [Volt Network - 0] CSVLOADER: Inserted 100000 rows
2014-02-09 03:36:46,547   INFO  [Volt Network - 0] CSVLOADER: Inserted 110000 rows
2014-02-09 03:36:46,727   INFO  [Volt Network - 0] CSVLOADER: Inserted 120000 rows
2014-02-09 03:36:46,942   INFO  [Volt Network - 0] CSVLOADER: Inserted 130000 rows
2014-02-09 03:36:47,098   INFO  [Volt Network - 0] CSVLOADER: Inserted 140000 rows
2014-02-09 03:36:47,260   INFO  [Volt Network - 0] CSVLOADER: Inserted 150000 rows
2014-02-09 03:36:47,539   INFO  [Volt Network - 0] CSVLOADER: Inserted 160000 rows
2014-02-09 03:36:48,500   INFO  [Volt Network - 0] CSVLOADER: Inserted 170000 rows
2014-02-09 03:36:48,601   INFO  [Volt Network - 0] CSVLOADER: Inserted 180000 rows
2014-02-09 03:36:48,780   INFO  [Volt Network - 0] CSVLOADER: Inserted 190000 rows
2014-02-09 03:36:48,933   INFO  [Volt Network - 0] CSVLOADER: Inserted 200000 rows
2014-02-09 03:36:49,086   INFO  [Volt Network - 0] CSVLOADER: Inserted 210000 rows
2014-02-09 03:36:49,263   INFO  [Volt Network - 0] CSVLOADER: Inserted 220000 rows
2014-02-09 03:36:49,575   INFO  [Volt Network - 0] CSVLOADER: Inserted 230000 rows
2014-02-09 03:36:49,749   INFO  [Volt Network - 0] CSVLOADER: Inserted 240000 rows
2014-02-09 03:36:49,904   INFO  [Volt Network - 0] CSVLOADER: Inserted 250000 rows
2014-02-09 03:36:50,056   INFO  [Volt Network - 0] CSVLOADER: Inserted 260000 rows
2014-02-09 03:36:50,321   INFO  [Volt Network - 0] CSVLOADER: Inserted 270000 rows
2014-02-09 03:36:50,477   INFO  [Volt Network - 0] CSVLOADER: Inserted 280000 rows
2014-02-09 03:36:50,627   INFO  [Volt Network - 0] CSVLOADER: Inserted 290000 rows
2014-02-09 03:36:50,774   INFO  [Volt Network - 0] CSVLOADER: Inserted 300000 rows
2014-02-09 03:36:50,973   INFO  [Volt Network - 0] CSVLOADER: Inserted 310000 rows
2014-02-09 03:36:51,246   INFO  [Volt Network - 0] CSVLOADER: Inserted 320000 rows
2014-02-09 03:36:51,398   INFO  [Volt Network - 0] CSVLOADER: Inserted 330000 rows
2014-02-09 03:36:51,550   INFO  [Volt Network - 0] CSVLOADER: Inserted 340000 rows
2014-02-09 03:36:51,698   INFO  [Volt Network - 0] CSVLOADER: Inserted 350000 rows
2014-02-09 03:36:51,914   INFO  [Volt Network - 0] CSVLOADER: Inserted 360000 rows
2014-02-09 03:36:52,077   INFO  [Volt Network - 0] CSVLOADER: Inserted 370000 rows
2014-02-09 03:36:52,345   INFO  [Volt Network - 0] CSVLOADER: Inserted 380000 rows
2014-02-09 03:36:52,490   INFO  [Volt Network - 0] CSVLOADER: Inserted 390000 rows
2014-02-09 03:36:52,665   INFO  [Volt Network - 0] CSVLOADER: Inserted 400000 rows
2014-02-09 03:36:52,983   INFO  [Volt Network - 0] CSVLOADER: Inserted 410000 rows
2014-02-09 03:36:53,146   INFO  [Volt Network - 0] CSVLOADER: Inserted 420000 rows
2014-02-09 03:36:53,298   INFO  [Volt Network - 0] CSVLOADER: Inserted 430000 rows
2014-02-09 03:36:53,444   INFO  [Volt Network - 0] CSVLOADER: Inserted 440000 rows
2014-02-09 03:36:53,620   INFO  [Volt Network - 0] CSVLOADER: Inserted 450000 rows
2014-02-09 03:36:53,850   INFO  [Volt Network - 0] CSVLOADER: Inserted 460000 rows
2014-02-09 03:36:54,000   INFO  [Volt Network - 0] CSVLOADER: Inserted 470000 rows
2014-02-09 03:36:54,182   INFO  [Volt Network - 0] CSVLOADER: Inserted 480000 rows
2014-02-09 03:36:54,354   INFO  [Volt Network - 0] CSVLOADER: Inserted 490000 rows
2014-02-09 03:36:54,722   INFO  [Volt Network - 0] CSVLOADER: Inserted 500000 rows
2014-02-09 03:36:54,900   INFO  [Volt Network - 0] CSVLOADER: Inserted 510000 rows
2014-02-09 03:36:55,048   INFO  [Volt Network - 0] CSVLOADER: Inserted 520000 rows
2014-02-09 03:36:55,198   INFO  [Volt Network - 0] CSVLOADER: Inserted 530000 rows
2014-02-09 03:36:55,358   INFO  [Volt Network - 0] CSVLOADER: Inserted 540000 rows
2014-02-09 03:36:55,570   INFO  [Volt Network - 0] CSVLOADER: Inserted 550000 rows
2014-02-09 03:36:55,729   INFO  [Volt Network - 0] CSVLOADER: Inserted 560000 rows
2014-02-09 03:36:55,893   INFO  [Volt Network - 0] CSVLOADER: Inserted 570000 rows
2014-02-09 03:36:56,040   INFO  [Volt Network - 0] CSVLOADER: Inserted 580000 rows
2014-02-09 03:36:56,462   INFO  [Volt Network - 0] CSVLOADER: Inserted 590000 rows
2014-02-09 03:36:56,628   INFO  [Volt Network - 0] CSVLOADER: Inserted 600000 rows
2014-02-09 03:36:56,780   INFO  [Volt Network - 0] CSVLOADER: Inserted 610000 rows
2014-02-09 03:36:56,922   INFO  [Volt Network - 0] CSVLOADER: Inserted 620000 rows
2014-02-09 03:36:57,079   INFO  [Volt Network - 0] CSVLOADER: Inserted 630000 rows
2014-02-09 03:36:57,303   INFO  [Volt Network - 0] CSVLOADER: Inserted 640000 rows
2014-02-09 03:36:57,460   INFO  [Volt Network - 0] CSVLOADER: Inserted 650000 rows
2014-02-09 03:36:57,604   INFO  [Volt Network - 0] CSVLOADER: Inserted 660000 rows
2014-02-09 03:36:57,742   INFO  [Volt Network - 0] CSVLOADER: Inserted 670000 rows
2014-02-09 03:36:57,923   INFO  [Volt Network - 0] CSVLOADER: Inserted 680000 rows
2014-02-09 03:36:58,085   INFO  [Volt Network - 0] CSVLOADER: Inserted 690000 rows
2014-02-09 03:36:58,268   INFO  [Volt Network - 0] CSVLOADER: Inserted 700000 rows
2014-02-09 03:36:58,420   INFO  [Volt Network - 0] CSVLOADER: Inserted 710000 rows
2014-02-09 03:36:58,574   INFO  [Volt Network - 0] CSVLOADER: Inserted 720000 rows
2014-02-09 03:36:58,828   INFO  [Volt Network - 0] CSVLOADER: Inserted 730000 rows
2014-02-09 03:36:58,980   INFO  [Volt Network - 0] CSVLOADER: Inserted 740000 rows
2014-02-09 03:36:59,122   INFO  [Volt Network - 0] CSVLOADER: Inserted 750000 rows
2014-02-09 03:36:59,265   INFO  [Volt Network - 0] CSVLOADER: Inserted 760000 rows
2014-02-09 03:36:59,440   INFO  [Volt Network - 0] CSVLOADER: Inserted 770000 rows
2014-02-09 03:36:59,616   INFO  [Volt Network - 0] CSVLOADER: Inserted 780000 rows
2014-02-09 03:36:59,777   INFO  [Volt Network - 0] CSVLOADER: Inserted 790000 rows
2014-02-09 03:36:59,925   INFO  [Volt Network - 0] CSVLOADER: Inserted 800000 rows
2014-02-09 03:37:00,154   INFO  [Volt Network - 0] CSVLOADER: Inserted 810000 rows
2014-02-09 03:37:00,314   INFO  [Volt Network - 0] CSVLOADER: Inserted 820000 rows
2014-02-09 03:37:00,455   INFO  [Volt Network - 0] CSVLOADER: Inserted 830000 rows
2014-02-09 03:37:00,600   INFO  [Volt Network - 0] CSVLOADER: Inserted 840000 rows
2014-02-09 03:37:00,744   INFO  [Volt Network - 0] CSVLOADER: Inserted 850000 rows
2014-02-09 03:37:00,892   INFO  [Volt Network - 0] CSVLOADER: Inserted 860000 rows
2014-02-09 03:37:01,033   INFO  [Volt Network - 0] CSVLOADER: Inserted 870000 rows
2014-02-09 03:37:01,177   INFO  [Volt Network - 0] CSVLOADER: Inserted 880000 rows
2014-02-09 03:37:01,327   INFO  [Volt Network - 0] CSVLOADER: Inserted 890000 rows
2014-02-09 03:37:01,479   INFO  [Volt Network - 0] CSVLOADER: Inserted 900000 rows
2014-02-09 03:37:01,655   INFO  [Volt Network - 0] CSVLOADER: Inserted 910000 rows
2014-02-09 03:37:01,802   INFO  [Volt Network - 0] CSVLOADER: Inserted 920000 rows
2014-02-09 03:37:01,946   INFO  [Volt Network - 0] CSVLOADER: Inserted 930000 rows
2014-02-09 03:37:02,090   INFO  [Volt Network - 0] CSVLOADER: Inserted 940000 rows
2014-02-09 03:37:02,235   INFO  [Volt Network - 0] CSVLOADER: Inserted 950000 rows
2014-02-09 03:37:02,384   INFO  [Volt Network - 0] CSVLOADER: Inserted 960000 rows
2014-02-09 03:37:02,531   INFO  [Volt Network - 0] CSVLOADER: Inserted 970000 rows
2014-02-09 03:37:02,675   INFO  [Volt Network - 0] CSVLOADER: Inserted 980000 rows
2014-02-09 03:37:02,820   INFO  [Volt Network - 0] CSVLOADER: Inserted 990000 rows
2014-02-09 03:37:02,969   INFO  [Volt Network - 0] CSVLOADER: Inserted 1000000 rows
2014-02-09 03:37:03,051   INFO  [main] CSVLOADER: Read 1000000 rows from file and successfully inserted 1000000 rows (final)
2014-02-09 03:37:03,051   INFO  [main] CSVLOADER: Elapsed time: 20.796 seconds
2014-02-09 03:37:03,052   INFO  [main] CSVLOADER: Invalid row file: /Users/kzhirata/Documents/workspace/voltSample/data/csvloader_MAILHISTORY_insert_invalidrows.csv
2014-02-09 03:37:03,052   INFO  [main] CSVLOADER: Log file: /Users/kzhirata/Documents/workspace/voltSample/data/csvloader_MAILHISTORY_insert_log.log
2014-02-09 03:37:03,052   INFO  [main] CSVLOADER: Report file: /Users/kzhirata/Documents/workspace/voltSample/data/csvloader_MAILHISTORY_insert_report.log
2014-02-09 03:37:04,755   INFO  [Volt Network - 0] CSVLOADER: Inserted 10000 rows
2014-02-09 03:37:05,148   INFO  [Volt Network - 0] CSVLOADER: Inserted 20000 rows
2014-02-09 03:37:05,377   INFO  [Volt Network - 0] CSVLOADER: Inserted 30000 rows
2014-02-09 03:37:05,677   INFO  [Volt Network - 0] CSVLOADER: Inserted 40000 rows
2014-02-09 03:37:06,062   INFO  [Volt Network - 0] CSVLOADER: Inserted 50000 rows
2014-02-09 03:37:06,324   INFO  [Volt Network - 0] CSVLOADER: Inserted 60000 rows
2014-02-09 03:37:06,518   INFO  [Volt Network - 0] CSVLOADER: Inserted 70000 rows
2014-02-09 03:37:06,769   INFO  [Volt Network - 0] CSVLOADER: Inserted 80000 rows
2014-02-09 03:37:07,055   INFO  [Volt Network - 0] CSVLOADER: Inserted 90000 rows
2014-02-09 03:37:07,215   INFO  [Volt Network - 0] CSVLOADER: Inserted 100000 rows
2014-02-09 03:37:07,361   INFO  [Volt Network - 0] CSVLOADER: Inserted 110000 rows
2014-02-09 03:37:07,527   INFO  [Volt Network - 0] CSVLOADER: Inserted 120000 rows
2014-02-09 03:37:07,693   INFO  [Volt Network - 0] CSVLOADER: Inserted 130000 rows
2014-02-09 03:37:07,884   INFO  [Volt Network - 0] CSVLOADER: Inserted 140000 rows
2014-02-09 03:37:08,030   INFO  [Volt Network - 0] CSVLOADER: Inserted 150000 rows
2014-02-09 03:37:08,173   INFO  [Volt Network - 0] CSVLOADER: Inserted 160000 rows
2014-02-09 03:37:08,314   INFO  [Volt Network - 0] CSVLOADER: Inserted 170000 rows
2014-02-09 03:37:09,208   INFO  [Volt Network - 0] CSVLOADER: Inserted 180000 rows
2014-02-09 03:37:09,341   INFO  [Volt Network - 0] CSVLOADER: Inserted 190000 rows
2014-02-09 03:37:09,519   INFO  [Volt Network - 0] CSVLOADER: Inserted 200000 rows
2014-02-09 03:37:09,660   INFO  [Volt Network - 0] CSVLOADER: Inserted 210000 rows
2014-02-09 03:37:09,808   INFO  [Volt Network - 0] CSVLOADER: Inserted 220000 rows
2014-02-09 03:37:10,014   INFO  [Volt Network - 0] CSVLOADER: Inserted 230000 rows
2014-02-09 03:37:10,266   INFO  [Volt Network - 0] CSVLOADER: Inserted 240000 rows
2014-02-09 03:37:10,438   INFO  [Volt Network - 0] CSVLOADER: Inserted 250000 rows
2014-02-09 03:37:10,577   INFO  [Volt Network - 0] CSVLOADER: Inserted 260000 rows
2014-02-09 03:37:10,721   INFO  [Volt Network - 0] CSVLOADER: Inserted 270000 rows
2014-02-09 03:37:10,874   INFO  [Volt Network - 0] CSVLOADER: Inserted 280000 rows
2014-02-09 03:37:11,125   INFO  [Volt Network - 0] CSVLOADER: Inserted 290000 rows
2014-02-09 03:37:11,333   INFO  [Volt Network - 0] CSVLOADER: Inserted 300000 rows
2014-02-09 03:37:11,534   INFO  [Volt Network - 0] CSVLOADER: Inserted 310000 rows
2014-02-09 03:37:11,703   INFO  [Volt Network - 0] CSVLOADER: Inserted 320000 rows
2014-02-09 03:37:12,041   INFO  [Volt Network - 0] CSVLOADER: Inserted 330000 rows
2014-02-09 03:37:12,238   INFO  [Volt Network - 0] CSVLOADER: Inserted 340000 rows
2014-02-09 03:37:12,386   INFO  [Volt Network - 0] CSVLOADER: Inserted 350000 rows
2014-02-09 03:37:12,529   INFO  [Volt Network - 0] CSVLOADER: Inserted 360000 rows
2014-02-09 03:37:12,674   INFO  [Volt Network - 0] CSVLOADER: Inserted 370000 rows
2014-02-09 03:37:12,882   INFO  [Volt Network - 0] CSVLOADER: Inserted 380000 rows
2014-02-09 03:37:13,122   INFO  [Volt Network - 0] CSVLOADER: Inserted 390000 rows
2014-02-09 03:37:13,335   INFO  [Volt Network - 0] CSVLOADER: Inserted 400000 rows
2014-02-09 03:37:13,560   INFO  [Volt Network - 0] CSVLOADER: Inserted 410000 rows
2014-02-09 03:37:14,029   INFO  [Volt Network - 0] CSVLOADER: Inserted 420000 rows
2014-02-09 03:37:14,469   INFO  [Volt Network - 0] CSVLOADER: Inserted 430000 rows
2014-02-09 03:37:14,776   INFO  [Volt Network - 0] CSVLOADER: Inserted 440000 rows
2014-02-09 03:37:14,955   INFO  [Volt Network - 0] CSVLOADER: Inserted 450000 rows
2014-02-09 03:37:15,146   INFO  [Volt Network - 0] CSVLOADER: Inserted 460000 rows
2014-02-09 03:37:15,392   INFO  [Volt Network - 0] CSVLOADER: Inserted 470000 rows
2014-02-09 03:37:15,584   INFO  [Volt Network - 0] CSVLOADER: Inserted 480000 rows
2014-02-09 03:37:15,736   INFO  [Volt Network - 0] CSVLOADER: Inserted 490000 rows
2014-02-09 03:37:15,882   INFO  [Volt Network - 0] CSVLOADER: Inserted 500000 rows
2014-02-09 03:37:16,056   INFO  [Volt Network - 0] CSVLOADER: Inserted 510000 rows
2014-02-09 03:37:16,447   INFO  [Volt Network - 0] CSVLOADER: Inserted 520000 rows
2014-02-09 03:37:16,628   INFO  [Volt Network - 0] CSVLOADER: Inserted 530000 rows
2014-02-09 03:37:16,802   INFO  [Volt Network - 0] CSVLOADER: Inserted 540000 rows
2014-02-09 03:37:17,072   INFO  [Volt Network - 0] CSVLOADER: Inserted 550000 rows
2014-02-09 03:37:17,289   INFO  [Volt Network - 0] CSVLOADER: Inserted 560000 rows
2014-02-09 03:37:17,538   INFO  [Volt Network - 0] CSVLOADER: Inserted 570000 rows
2014-02-09 03:37:17,684   INFO  [Volt Network - 0] CSVLOADER: Inserted 580000 rows
2014-02-09 03:37:17,850   INFO  [Volt Network - 0] CSVLOADER: Inserted 590000 rows
2014-02-09 03:37:18,011   INFO  [Volt Network - 0] CSVLOADER: Inserted 600000 rows
2014-02-09 03:37:18,329   INFO  [Volt Network - 0] CSVLOADER: Inserted 610000 rows
2014-02-09 03:37:18,542   INFO  [Volt Network - 0] CSVLOADER: Inserted 620000 rows
2014-02-09 03:37:18,729   INFO  [Volt Network - 0] CSVLOADER: Inserted 630000 rows
2014-02-09 03:37:18,901   INFO  [Volt Network - 0] CSVLOADER: Inserted 640000 rows
2014-02-09 03:37:19,076   INFO  [Volt Network - 0] CSVLOADER: Inserted 650000 rows
2014-02-09 03:37:19,340   INFO  [Volt Network - 0] CSVLOADER: Inserted 660000 rows
2014-02-09 03:37:19,542   INFO  [Volt Network - 0] CSVLOADER: Inserted 670000 rows
2014-02-09 03:37:19,722   INFO  [Volt Network - 0] CSVLOADER: Inserted 680000 rows
2014-02-09 03:37:19,890   INFO  [Volt Network - 0] CSVLOADER: Inserted 690000 rows
2014-02-09 03:37:20,062   INFO  [Volt Network - 0] CSVLOADER: Inserted 700000 rows
2014-02-09 03:37:20,286   INFO  [Volt Network - 0] CSVLOADER: Inserted 710000 rows
2014-02-09 03:37:20,459   INFO  [Volt Network - 0] CSVLOADER: Inserted 720000 rows
2014-02-09 03:37:20,618   INFO  [Volt Network - 0] CSVLOADER: Inserted 730000 rows
2014-02-09 03:37:20,768   INFO  [Volt Network - 0] CSVLOADER: Inserted 740000 rows
2014-02-09 03:37:21,096   INFO  [Volt Network - 0] CSVLOADER: Inserted 750000 rows
2014-02-09 03:37:21,325   INFO  [Volt Network - 0] CSVLOADER: Inserted 760000 rows
2014-02-09 03:37:21,476   INFO  [Volt Network - 0] CSVLOADER: Inserted 770000 rows
2014-02-09 03:37:21,622   INFO  [Volt Network - 0] CSVLOADER: Inserted 780000 rows
2014-02-09 03:37:21,778   INFO  [Volt Network - 0] CSVLOADER: Inserted 790000 rows
2014-02-09 03:37:22,076   INFO  [Volt Network - 0] CSVLOADER: Inserted 800000 rows
2014-02-09 03:37:22,283   INFO  [Volt Network - 0] CSVLOADER: Inserted 810000 rows
2014-02-09 03:37:22,513   INFO  [Volt Network - 0] CSVLOADER: Inserted 820000 rows
2014-02-09 03:37:22,748   INFO  [Volt Network - 0] CSVLOADER: Inserted 830000 rows
2014-02-09 03:37:22,958   INFO  [Volt Network - 0] CSVLOADER: Inserted 840000 rows
2014-02-09 03:37:23,162   INFO  [Volt Network - 0] CSVLOADER: Inserted 850000 rows
2014-02-09 03:37:23,411   INFO  [Volt Network - 0] CSVLOADER: Inserted 860000 rows
2014-02-09 03:37:23,784   INFO  [Volt Network - 0] CSVLOADER: Inserted 870000 rows
2014-02-09 03:37:23,996   INFO  [Volt Network - 0] CSVLOADER: Inserted 880000 rows
2014-02-09 03:37:24,212   INFO  [Volt Network - 0] CSVLOADER: Inserted 890000 rows
2014-02-09 03:37:24,437   INFO  [Volt Network - 0] CSVLOADER: Inserted 900000 rows
2014-02-09 03:37:24,640   INFO  [Volt Network - 0] CSVLOADER: Inserted 910000 rows
2014-02-09 03:37:24,796   INFO  [Volt Network - 0] CSVLOADER: Inserted 920000 rows
2014-02-09 03:37:24,955   INFO  [Volt Network - 0] CSVLOADER: Inserted 930000 rows
2014-02-09 03:37:25,109   INFO  [Volt Network - 0] CSVLOADER: Inserted 940000 rows
2014-02-09 03:37:25,282   INFO  [Volt Network - 0] CSVLOADER: Inserted 950000 rows
2014-02-09 03:37:25,434   INFO  [Volt Network - 0] CSVLOADER: Inserted 960000 rows
2014-02-09 03:37:25,591   INFO  [Volt Network - 0] CSVLOADER: Inserted 970000 rows
2014-02-09 03:37:25,773   INFO  [Volt Network - 0] CSVLOADER: Inserted 980000 rows
2014-02-09 03:37:25,922   INFO  [Volt Network - 0] CSVLOADER: Inserted 990000 rows
2014-02-09 03:37:26,081   INFO  [Volt Network - 0] CSVLOADER: Inserted 1000000 rows
2014-02-09 03:37:26,112   INFO  [main] CSVLOADER: Read 1000000 rows from file and successfully inserted 1000000 rows (final)
2014-02-09 03:37:26,112   INFO  [main] CSVLOADER: Elapsed time: 22.718 seconds
2014-02-09 03:37:26,112   INFO  [main] CSVLOADER: Invalid row file: /Users/kzhirata/Documents/workspace/voltSample/data/csvloader_TRACKINGHISTORY_insert_invalidrows.csv
2014-02-09 03:37:26,112   INFO  [main] CSVLOADER: Log file: /Users/kzhirata/Documents/workspace/voltSample/data/csvloader_TRACKINGHISTORY_insert_log.log
2014-02-09 03:37:26,113   INFO  [main] CSVLOADER: Report file: /Users/kzhirata/Documents/workspace/voltSample/data/csvloader_TRACKINGHISTORY_insert_report.log
